00:20:50 **** Rebuild of configuration Debug for project selection sort ****
Info: Internal Builder is used for build
gcc -O0 -g3 -Wall -c -fmessage-length=0 -o "src\\selection sort.o" "..\\src\\selection sort.c" 
gcc -o "selection sort.exe" "src\\selection sort.o" 
00:21:14 **** Incremental Build of configuration Debug for project selection sort ****
Info: Internal Builder is used for build
gcc -O0 -g3 -Wall -c -fmessage-length=0 -o "src\\selection sort.o" "..\\src\\selection sort.c" 
..\src\selection sort.c: In function 'main':
..\src\selection sort.c:22:4: warning: format '%d' expects type 'int *', but argument 2 has type 'int'
..\src\selection sort.c:26:7: error: expected '(' before 'values'
..\src\selection sort.c:26:7: warning: statement with no effect
00:23:45 **** Incremental Build of configuration Debug for project selection sort ****
Info: Internal Builder is used for build
gcc -O0 -g3 -Wall -c -fmessage-length=0 -o "src\\selection sort.o" "..\\src\\selection sort.c" 
gcc -o "selection sort.exe" "src\\selection sort.o" 
00:26:17 **** Incremental Build of configuration Debug for project selection sort ****
Info: Internal Builder is used for build
gcc -O0 -g3 -Wall -c -fmessage-length=0 -o "src\\selection sort.o" "..\\src\\selection sort.c" 
gcc -o "selection sort.exe" "src\\selection sort.o" 
c:/mingw64/bin/../lib/gcc/x86_64-w64-mingw32/4.5.4/../../../../x86_64-w64-mingw32/bin/ld.exe: cannot open output file selection sort.exe: Permission denied
collect2: ld returned 1 exit status
00:26:35 **** Incremental Build of configuration Debug for project selection sort ****
Info: Internal Builder is used for build
gcc -o "selection sort.exe" "src\\selection sort.o" 
c:/mingw64/bin/../lib/gcc/x86_64-w64-mingw32/4.5.4/../../../../x86_64-w64-mingw32/bin/ld.exe: cannot open output file selection sort.exe: Permission denied
collect2: ld returned 1 exit status
00:27:44 **** Incremental Build of configuration Debug for project selection sort ****
Info: Internal Builder is used for build
gcc -o "selection sort.exe" "src\\selection sort.o" 
Info: Nothing to build for selection sort
00:33:32 **** Incremental Build of configuration Debug for project selection sort ****
Info: Internal Builder is used for build
gcc -O0 -g3 -Wall -c -fmessage-length=0 -o "src\\selection sort.o" "..\\src\\selection sort.c" 
gcc -o "selection sort.exe" "src\\selection sort.o" 
00:35:23 **** Incremental Build of configuration Debug for project selection sort ****
Info: Internal Builder is used for build
gcc -O0 -g3 -Wall -c -fmessage-length=0 -o "src\\selection sort.o" "..\\src\\selection sort.c" 
gcc -o "selection sort.exe" "src\\selection sort.o" 
00:39:11 **** Incremental Build of configuration Debug for project selection sort ****
Info: Internal Builder is used for build
gcc -O0 -g3 -Wall -c -fmessage-length=0 -o "src\\selection sort.o" "..\\src\\selection sort.c" 
gcc -o "selection sort.exe" "src\\selection sort.o" 
00:42:31 **** Incremental Build of configuration Debug for project selection sort ****
Info: Internal Builder is used for build
gcc -O0 -g3 -Wall -c -fmessage-length=0 -o "src\\selection sort.o" "..\\src\\selection sort.c" 
gcc -o "selection sort.exe" "src\\selection sort.o" 
00:43:55 **** Incremental Build of configuration Debug for project selection sort ****
Info: Internal Builder is used for build
gcc -O0 -g3 -Wall -c -fmessage-length=0 -o "src\\selection sort.o" "..\\src\\selection sort.c" 
gcc -o "selection sort.exe" "src\\selection sort.o" 
Info: Nothing to build for selection sort
00:46:00 **** Incremental Build of configuration Debug for project selection sort ****
Info: Internal Builder is used for build
gcc -O0 -g3 -Wall -c -fmessage-length=0 -o "src\\selection sort.o" "..\\src\\selection sort.c" 
gcc -o "selection sort.exe" "src\\selection sort.o" 
